# JRE version: Java(TM) SE Runtime Environment (7.0_40-b43) (build 1.7.0_40-b43)
# Java VM: Java HotSpot(TM) 64-Bit Server VM (24.0-b56 mixed mode linux-amd64 compressed oops)
Heap
 PSYoungGen      total 24064K, used 470K [0x00000000d8a00000, 0x00000000dab80000, 0x0000000100000000)
  eden space 23552K, 1% used [0x00000000d8a00000,0x00000000d8a3daa8,0x00000000da100000)
  from space 512K, 43% used [0x00000000daa80000,0x00000000daab8000,0x00000000dab00000)
  to   space 512K, 0% used [0x00000000dab00000,0x00000000dab00000,0x00000000dab80000)
 ParOldGen       total 80384K, used 31642K [0x0000000089e00000, 0x000000008ec80000, 0x00000000d8a00000)
  object space 80384K, 39% used [0x0000000089e00000,0x000000008bce68e0,0x000000008ec80000)
 PSPermGen       total 21504K, used 19818K [0x0000000084c00000, 0x0000000086100000, 0x0000000089e00000)
  object space 21504K, 92% used [0x0000000084c00000,0x0000000085f5ab38,0x0000000086100000)
GC Heap History (10 events):
Event: 110.044 GC heap before
{Heap before GC invocations=95 (full 0):
 PSYoungGen      total 24064K, used 23712K [0x00000000d8a00000, 0x00000000dab80000, 0x0000000100000000)
  eden space 23552K, 100% used [0x00000000d8a00000,0x00000000da100000,0x00000000da100000)
  from space 512K, 31% used [0x00000000dab00000,0x00000000dab28000,0x00000000dab80000)
  to   space 512K, 0% used [0x00000000daa80000,0x00000000daa80000,0x00000000dab00000)
 ParOldGen       total 80384K, used 31562K [0x0000000089e00000, 0x000000008ec80000, 0x00000000d8a00000)
  object space 80384K, 39% used [0x0000000089e00000,0x000000008bcd28e0,0x000000008ec80000)
 PSPermGen       total 21504K, used 19704K [0x0000000084c00000, 0x0000000086100000, 0x0000000089e00000)
  object space 21504K, 91% used [0x0000000084c00000,0x0000000085f3e030,0x0000000086100000)
Event: 110.045 GC heap after
Heap after GC invocations=95 (full 0):
 PSYoungGen      total 24064K, used 128K [0x00000000d8a00000, 0x00000000dab80000, 0x0000000100000000)
  eden space 23552K, 0% used [0x00000000d8a00000,0x00000000d8a00000,0x00000000da100000)
  from space 512K, 25% used [0x00000000daa80000,0x00000000daaa0000,0x00000000dab00000)
  to   space 512K, 0% used [0x00000000dab00000,0x00000000dab00000,0x00000000dab80000)
 ParOldGen       total 80384K, used 31578K [0x0000000089e00000, 0x000000008ec80000, 0x00000000d8a00000)
  object space 80384K, 39% used [0x0000000089e00000,0x000000008bcd68e0,0x000000008ec80000)
 PSPermGen       total 21504K, used 19704K [0x0000000084c00000, 0x0000000086100000, 0x0000000089e00000)
  object space 21504K, 91% used [0x0000000084c00000,0x0000000085f3e030,0x0000000086100000)
}
Event: 113.377 GC heap before
{Heap before GC invocations=96 (full 0):
 PSYoungGen      total 24064K, used 23680K [0x00000000d8a00000, 0x00000000dab80000, 0x0000000100000000)
  eden space 23552K, 100% used [0x00000000d8a00000,0x00000000da100000,0x00000000da100000)
  from space 512K, 25% used [0x00000000daa80000,0x00000000daaa0000,0x00000000dab00000)
  to   space 512K, 0% used [0x00000000dab00000,0x00000000dab00000,0x00000000dab80000)
 ParOldGen       total 80384K, used 31578K [0x0000000089e00000, 0x000000008ec80000, 0x00000000d8a00000)
  object space 80384K, 39% used [0x0000000089e00000,0x000000008bcd68e0,0x000000008ec80000)
 PSPermGen       total 21504K, used 19706K [0x0000000084c00000, 0x0000000086100000, 0x0000000089e00000)
  object space 21504K, 91% used [0x0000000084c00000,0x0000000085f3e940,0x0000000086100000)
Event: 113.378 GC heap after
Heap after GC invocations=96 (full 0):
 PSYoungGen      total 24064K, used 160K [0x00000000d8a00000, 0x00000000dab80000, 0x0000000100000000)
  eden space 23552K, 0% used [0x00000000d8a00000,0x00000000d8a00000,0x00000000da100000)
  from space 512K, 31% used [0x00000000dab00000,0x00000000dab28000,0x00000000dab80000)
  to   space 512K, 0% used [0x00000000daa80000,0x00000000daa80000,0x00000000dab00000)
 ParOldGen       total 80384K, used 31594K [0x0000000089e00000, 0x000000008ec80000, 0x00000000d8a00000)
  object space 80384K, 39% used [0x0000000089e00000,0x000000008bcda8e0,0x000000008ec80000)
 PSPermGen       total 21504K, used 19706K [0x0000000084c00000, 0x0000000086100000, 0x0000000089e00000)
  object space 21504K, 91% used [0x0000000084c00000,0x0000000085f3e940,0x0000000086100000)
}
Event: 116.627 GC heap before
{Heap before GC invocations=97 (full 0):
 PSYoungGen      total 24064K, used 23712K [0x00000000d8a00000, 0x00000000dab80000, 0x0000000100000000)
  eden space 23552K, 100% used [0x00000000d8a00000,0x00000000da100000,0x00000000da100000)
  from space 512K, 31% used [0x00000000dab00000,0x00000000dab28000,0x00000000dab80000)
  to   space 512K, 0% used [0x00000000daa80000,0x00000000daa80000,0x00000000dab00000)
 ParOldGen       total 80384K, used 31594K [0x0000000089e00000, 0x000000008ec80000, 0x00000000d8a00000)
  object space 80384K, 39% used [0x0000000089e00000,0x000000008bcda8e0,0x000000008ec80000)
 PSPermGen       total 21504K, used 19709K [0x0000000084c00000, 0x0000000086100000, 0x0000000089e00000)
  object space 21504K, 91% used [0x0000000084c00000,0x0000000085f3f540,0x0000000086100000)
Event: 116.628 GC heap after
Heap after GC invocations=97 (full 0):
 PSYoungGen      total 24064K, used 128K [0x00000000d8a00000, 0x00000000dab80000, 0x0000000100000000)
  eden space 23552K, 0% used [0x00000000d8a00000,0x00000000d8a00000,0x00000000da100000)
  from space 512K, 25% used [0x00000000daa80000,0x00000000daaa0000,0x00000000dab00000)
  to   space 512K, 0% used [0x00000000dab00000,0x00000000dab00000,0x00000000dab80000)
 ParOldGen       total 80384K, used 31610K [0x0000000089e00000, 0x000000008ec80000, 0x00000000d8a00000)
  object space 80384K, 39% used [0x0000000089e00000,0x000000008bcde8e0,0x000000008ec80000)
 PSPermGen       total 21504K, used 19709K [0x0000000084c00000, 0x0000000086100000, 0x0000000089e00000)
  object space 21504K, 91% used [0x0000000084c00000,0x0000000085f3f540,0x0000000086100000)
}
Event: 121.585 GC heap before
{Heap before GC invocations=98 (full 0):
 PSYoungGen      total 24064K, used 23680K [0x00000000d8a00000, 0x00000000dab80000, 0x0000000100000000)
  eden space 23552K, 100% used [0x00000000d8a00000,0x00000000da100000,0x00000000da100000)
  from space 512K, 25% used [0x00000000daa80000,0x00000000daaa0000,0x00000000dab00000)
  to   space 512K, 0% used [0x00000000dab00000,0x00000000dab00000,0x00000000dab80000)
 ParOldGen       total 80384K, used 31610K [0x0000000089e00000, 0x000000008ec80000, 0x00000000d8a00000)
  object space 80384K, 39% used [0x0000000089e00000,0x000000008bcde8e0,0x000000008ec80000)
 PSPermGen       total 21504K, used 19710K [0x0000000084c00000, 0x0000000086100000, 0x0000000089e00000)
  object space 21504K, 91% used [0x0000000084c00000,0x0000000085f3f998,0x0000000086100000)
Event: 121.586 GC heap after
Heap after GC invocations=98 (full 0):
 PSYoungGen      total 24064K, used 128K [0x00000000d8a00000, 0x00000000dab80000, 0x0000000100000000)
  eden space 23552K, 0% used [0x00000000d8a00000,0x00000000d8a00000,0x00000000da100000)
  from space 512K, 25% used [0x00000000dab00000,0x00000000dab20000,0x00000000dab80000)
  to   space 512K, 0% used [0x00000000daa80000,0x00000000daa80000,0x00000000dab00000)
 ParOldGen       total 80384K, used 31626K [0x0000000089e00000, 0x000000008ec80000, 0x00000000d8a00000)
  object space 80384K, 39% used [0x0000000089e00000,0x000000008bce28e0,0x000000008ec80000)
 PSPermGen       total 21504K, used 19710K [0x0000000084c00000, 0x0000000086100000, 0x0000000089e00000)
  object space 21504K, 91% used [0x0000000084c00000,0x0000000085f3f998,0x0000000086100000)
}
Event: 124.905 GC heap before
{Heap before GC invocations=99 (full 0):
 PSYoungGen      total 24064K, used 23680K [0x00000000d8a00000, 0x00000000dab80000, 0x0000000100000000)
  eden space 23552K, 100% used [0x00000000d8a00000,0x00000000da100000,0x00000000da100000)
  from space 512K, 25% used [0x00000000dab00000,0x00000000dab20000,0x00000000dab80000)
  to   space 512K, 0% used [0x00000000daa80000,0x00000000daa80000,0x00000000dab00000)
 ParOldGen       total 80384K, used 31626K [0x0000000089e00000, 0x000000008ec80000, 0x00000000d8a00000)
  object space 80384K, 39% used [0x0000000089e00000,0x000000008bce28e0,0x000000008ec80000)
 PSPermGen       total 21504K, used 19818K [0x0000000084c00000, 0x0000000086100000, 0x0000000089e00000)
  object space 21504K, 92% used [0x0000000084c00000,0x0000000085f5ab38,0x0000000086100000)
Event: 124.907 GC heap after
Heap after GC invocations=99 (full 0):
 PSYoungGen      total 24064K, used 224K [0x00000000d8a00000, 0x00000000dab80000, 0x0000000100000000)
  eden space 23552K, 0% used [0x00000000d8a00000,0x00000000d8a00000,0x00000000da100000)
  from space 512K, 43% used [0x00000000daa80000,0x00000000daab8000,0x00000000dab00000)
  to   space 512K, 0% used [0x00000000dab00000,0x00000000dab00000,0x00000000dab80000)
 ParOldGen       total 80384K, used 31642K [0x0000000089e00000, 0x000000008ec80000, 0x00000000d8a00000)
  object space 80384K, 39% used [0x0000000089e00000,0x000000008bce68e0,0x000000008ec80000)
 PSPermGen       total 21504K, used 19818K [0x0000000084c00000, 0x0000000086100000, 0x0000000089e00000)
  object space 21504K, 92% used [0x0000000084c00000,0x0000000085f5ab38,0x0000000086100000)
}

